[ 2014-09-14T20:37:38+08:00 ] 127.0.0.1 /hjrm/
INFO: [ app_init ] --START--
INFO: Run Behavior\BuildLiteBehavior [ RunTime:0.000029s ]
INFO: [ app_init ] --END-- [ RunTime:0.038208s ]
INFO: [ app_begin ] --START--
INFO: Run Behavior\ReadHtmlCacheBehavior [ RunTime:0.008865s ]
INFO: [ app_begin ] --END-- [ RunTime:0.008985s ]
INFO: [ app_end ] --START--
INFO: Run Behavior\ShowPageTraceBehavior [ RunTime:0.022121s ]
INFO: [ app_end ] --END-- [ RunTime:0.022344s ]

[ 2014-09-14T20:51:33+08:00 ] 127.0.0.1 /hjrm/
INFO: [ app_init ] --START--
INFO: Run Behavior\BuildLiteBehavior [ RunTime:0.000236s ]
INFO: [ app_init ] --END-- [ RunTime:0.004538s ]
INFO: [ app_begin ] --START--
INFO: Run Behavior\ReadHtmlCacheBehavior [ RunTime:0.001472s ]
INFO: [ app_begin ] --END-- [ RunTime:0.001659s ]
ERR: Think\Controller:dispaly方法不存在！

[ 2014-09-14T20:55:57+08:00 ] 127.0.0.1 /hjrm/
INFO: [ app_init ] --START--
INFO: Run Behavior\BuildLiteBehavior [ RunTime:0.000020s ]
INFO: [ app_init ] --END-- [ RunTime:0.000579s ]
INFO: [ app_begin ] --START--
INFO: Run Behavior\ReadHtmlCacheBehavior [ RunTime:0.000824s ]
INFO: [ app_begin ] --END-- [ RunTime:0.000898s ]
ERR: Think\Controller:dispaly方法不存在！

[ 2014-09-14T20:55:58+08:00 ] 127.0.0.1 /hjrm/
INFO: [ app_init ] --START--
INFO: Run Behavior\BuildLiteBehavior [ RunTime:0.000039s ]
INFO: [ app_init ] --END-- [ RunTime:0.001132s ]
INFO: [ app_begin ] --START--
INFO: Run Behavior\ReadHtmlCacheBehavior [ RunTime:0.001912s ]
INFO: [ app_begin ] --END-- [ RunTime:0.002084s ]
ERR: Think\Controller:dispaly方法不存在！

[ 2014-09-14T20:55:59+08:00 ] 127.0.0.1 /hjrm/
INFO: [ app_init ] --START--
INFO: Run Behavior\BuildLiteBehavior [ RunTime:0.000039s ]
INFO: [ app_init ] --END-- [ RunTime:0.001103s ]
INFO: [ app_begin ] --START--
INFO: Run Behavior\ReadHtmlCacheBehavior [ RunTime:0.001897s ]
INFO: [ app_begin ] --END-- [ RunTime:0.002069s ]
ERR: Think\Controller:dispaly方法不存在！

[ 2014-09-14T20:56:00+08:00 ] 127.0.0.1 /hjrm/
INFO: [ app_init ] --START--
INFO: Run Behavior\BuildLiteBehavior [ RunTime:0.000041s ]
INFO: [ app_init ] --END-- [ RunTime:0.001130s ]
INFO: [ app_begin ] --START--
INFO: Run Behavior\ReadHtmlCacheBehavior [ RunTime:0.002110s ]
INFO: [ app_begin ] --END-- [ RunTime:0.002303s ]
ERR: Think\Controller:dispaly方法不存在！

[ 2014-09-14T20:56:12+08:00 ] 127.0.0.1 /hjrm/
INFO: [ app_init ] --START--
INFO: Run Behavior\BuildLiteBehavior [ RunTime:0.000043s ]
INFO: [ app_init ] --END-- [ RunTime:0.001148s ]
INFO: [ app_begin ] --START--
INFO: Run Behavior\ReadHtmlCacheBehavior [ RunTime:0.001596s ]
INFO: [ app_begin ] --END-- [ RunTime:0.001771s ]

[ 2014-09-14T20:56:18+08:00 ] 127.0.0.1 /hjrm/
INFO: [ app_init ] --START--
INFO: Run Behavior\BuildLiteBehavior [ RunTime:0.000037s ]
INFO: [ app_init ] --END-- [ RunTime:0.000914s ]
INFO: [ app_begin ] --START--
INFO: Run Behavior\ReadHtmlCacheBehavior [ RunTime:0.001199s ]
INFO: [ app_begin ] --END-- [ RunTime:0.001391s ]
ERR: Think\Controller:dispaly方法不存在！

[ 2014-09-14T20:57:27+08:00 ] 127.0.0.1 /hjrm/
INFO: [ app_init ] --START--
INFO: Run Behavior\BuildLiteBehavior [ RunTime:0.000018s ]
INFO: [ app_init ] --END-- [ RunTime:0.000473s ]
INFO: [ app_begin ] --START--
INFO: Run Behavior\ReadHtmlCacheBehavior [ RunTime:0.000667s ]
INFO: [ app_begin ] --END-- [ RunTime:0.000739s ]
NOTIC: [2] Missing argument 1 for Think\Controller::show(), called in E:\www\hjrm\Webroot\Home\Controller\IndexController.class.php on line 44 and defined E:\www\hjrm\Formwork\Library\Think\Controller.class.php 第 68 行.
NOTIC: [8] Undefined variable: content E:\www\hjrm\Formwork\Library\Think\Controller.class.php 第 69 行.
ERR: 模板不存在:./Webroot/Home/View/Index/index.html

[ 2014-09-14T20:57:40+08:00 ] 127.0.0.1 /hjrm/
INFO: [ app_init ] --START--
INFO: Run Behavior\BuildLiteBehavior [ RunTime:0.000044s ]
INFO: [ app_init ] --END-- [ RunTime:0.001053s ]
INFO: [ app_begin ] --START--
INFO: Run Behavior\ReadHtmlCacheBehavior [ RunTime:0.001253s ]
INFO: [ app_begin ] --END-- [ RunTime:0.001417s ]
NOTIC: [2] Missing argument 1 for Think\Controller::show(), called in E:\www\hjrm\Webroot\Home\Controller\IndexController.class.php on line 44 and defined E:\www\hjrm\Formwork\Library\Think\Controller.class.php 第 68 行.
NOTIC: [8] Undefined variable: content E:\www\hjrm\Formwork\Library\Think\Controller.class.php 第 69 行.
ERR: 模板不存在:./Webroot/Home/View/Index/index.html

[ 2014-09-14T20:57:41+08:00 ] 127.0.0.1 /hjrm/
INFO: [ app_init ] --START--
INFO: Run Behavior\BuildLiteBehavior [ RunTime:0.000038s ]
INFO: [ app_init ] --END-- [ RunTime:0.000947s ]
INFO: [ app_begin ] --START--
INFO: Run Behavior\ReadHtmlCacheBehavior [ RunTime:0.001284s ]
INFO: [ app_begin ] --END-- [ RunTime:0.001476s ]
NOTIC: [2] Missing argument 1 for Think\Controller::show(), called in E:\www\hjrm\Webroot\Home\Controller\IndexController.class.php on line 44 and defined E:\www\hjrm\Formwork\Library\Think\Controller.class.php 第 68 行.
NOTIC: [8] Undefined variable: content E:\www\hjrm\Formwork\Library\Think\Controller.class.php 第 69 行.
ERR: 模板不存在:./Webroot/Home/View/Index/index.html

[ 2014-09-14T21:11:33+08:00 ] 127.0.0.1 /hjrm/
INFO: [ app_init ] --START--
INFO: Run Behavior\BuildLiteBehavior [ RunTime:0.000021s ]
INFO: [ app_init ] --END-- [ RunTime:0.000487s ]
INFO: [ app_begin ] --START--
INFO: Run Behavior\ReadHtmlCacheBehavior [ RunTime:0.000862s ]
INFO: [ app_begin ] --END-- [ RunTime:0.000970s ]
NOTIC: [2] Missing argument 1 for Think\Controller::show(), called in E:\www\hjrm\Webroot\Home\Controller\IndexController.class.php on line 44 and defined E:\www\hjrm\Formwork\Library\Think\Controller.class.php 第 68 行.
NOTIC: [8] Undefined variable: content E:\www\hjrm\Formwork\Library\Think\Controller.class.php 第 69 行.
ERR: 模板不存在:./Webroot/Home/View/Index/index.html

[ 2014-09-14T21:12:19+08:00 ] 127.0.0.1 /hjrm/Home
INFO: [ app_init ] --START--
INFO: Run Behavior\BuildLiteBehavior [ RunTime:0.000063s ]
INFO: [ app_init ] --END-- [ RunTime:0.001316s ]
INFO: [ app_begin ] --START--
INFO: Run Behavior\ReadHtmlCacheBehavior [ RunTime:0.001853s ]
INFO: [ app_begin ] --END-- [ RunTime:0.002063s ]
NOTIC: [2] Missing argument 1 for Think\Controller::show(), called in E:\www\hjrm\Webroot\Home\Controller\IndexController.class.php on line 44 and defined E:\www\hjrm\Formwork\Library\Think\Controller.class.php 第 68 行.
NOTIC: [8] Undefined variable: content E:\www\hjrm\Formwork\Library\Think\Controller.class.php 第 69 行.
ERR: 模板不存在:./Webroot/Home/View/Index/index.html

[ 2014-09-14T21:12:38+08:00 ] 127.0.0.1 /hjrm/Home/User
INFO: [ app_init ] --START--
INFO: Run Behavior\BuildLiteBehavior [ RunTime:0.000038s ]
INFO: [ app_init ] --END-- [ RunTime:0.001033s ]
INFO: [ app_begin ] --START--
INFO: Run Behavior\ReadHtmlCacheBehavior [ RunTime:0.001790s ]
INFO: [ app_begin ] --END-- [ RunTime:0.001984s ]
INFO: [ app_end ] --START--
INFO: Run Behavior\ShowPageTraceBehavior [ RunTime:0.001406s ]
INFO: [ app_end ] --END-- [ RunTime:0.001561s ]

[ 2014-09-14T21:13:20+08:00 ] 127.0.0.1 /hjrm/Home/User
INFO: [ app_init ] --START--
INFO: Run Behavior\BuildLiteBehavior [ RunTime:0.000020s ]
INFO: [ app_init ] --END-- [ RunTime:0.000486s ]
INFO: [ app_begin ] --START--
INFO: Run Behavior\ReadHtmlCacheBehavior [ RunTime:0.000552s ]
INFO: [ app_begin ] --END-- [ RunTime:0.000619s ]
INFO: [ app_end ] --START--
INFO: Run Behavior\ShowPageTraceBehavior [ RunTime:0.000606s ]
INFO: [ app_end ] --END-- [ RunTime:0.000671s ]

[ 2014-09-14T21:13:21+08:00 ] 127.0.0.1 /hjrm/Home/User
INFO: [ app_init ] --START--
INFO: Run Behavior\BuildLiteBehavior [ RunTime:0.000043s ]
INFO: [ app_init ] --END-- [ RunTime:0.001219s ]
INFO: [ app_begin ] --START--
INFO: Run Behavior\ReadHtmlCacheBehavior [ RunTime:0.001463s ]
INFO: [ app_begin ] --END-- [ RunTime:0.001678s ]
INFO: [ app_end ] --START--
INFO: Run Behavior\ShowPageTraceBehavior [ RunTime:0.001323s ]
INFO: [ app_end ] --END-- [ RunTime:0.001495s ]

[ 2014-09-14T21:13:22+08:00 ] 127.0.0.1 /hjrm/Home/User
INFO: [ app_init ] --START--
INFO: Run Behavior\BuildLiteBehavior [ RunTime:0.000044s ]
INFO: [ app_init ] --END-- [ RunTime:0.001146s ]
INFO: [ app_begin ] --START--
INFO: Run Behavior\ReadHtmlCacheBehavior [ RunTime:0.002061s ]
INFO: [ app_begin ] --END-- [ RunTime:0.002354s ]
INFO: [ app_end ] --START--
INFO: Run Behavior\ShowPageTraceBehavior [ RunTime:0.001456s ]
INFO: [ app_end ] --END-- [ RunTime:0.001650s ]

[ 2014-09-14T21:13:22+08:00 ] 127.0.0.1 /hjrm/Home/User
INFO: [ app_init ] --START--
INFO: Run Behavior\BuildLiteBehavior [ RunTime:0.000019s ]
INFO: [ app_init ] --END-- [ RunTime:0.000437s ]
INFO: [ app_begin ] --START--
INFO: Run Behavior\ReadHtmlCacheBehavior [ RunTime:0.000576s ]
INFO: [ app_begin ] --END-- [ RunTime:0.000645s ]
INFO: [ app_end ] --START--
INFO: Run Behavior\ShowPageTraceBehavior [ RunTime:0.000577s ]
INFO: [ app_end ] --END-- [ RunTime:0.000647s ]

[ 2014-09-14T21:13:22+08:00 ] 127.0.0.1 /hjrm/Home/User
INFO: [ app_init ] --START--
INFO: Run Behavior\BuildLiteBehavior [ RunTime:0.000019s ]
INFO: [ app_init ] --END-- [ RunTime:0.000447s ]
INFO: [ app_begin ] --START--
INFO: Run Behavior\ReadHtmlCacheBehavior [ RunTime:0.000589s ]
INFO: [ app_begin ] --END-- [ RunTime:0.000655s ]
INFO: [ app_end ] --START--
INFO: Run Behavior\ShowPageTraceBehavior [ RunTime:0.000562s ]
INFO: [ app_end ] --END-- [ RunTime:0.000634s ]

[ 2014-09-14T21:13:22+08:00 ] 127.0.0.1 /hjrm/Home/User
INFO: [ app_init ] --START--
INFO: Run Behavior\BuildLiteBehavior [ RunTime:0.000018s ]
INFO: [ app_init ] --END-- [ RunTime:0.000493s ]
INFO: [ app_begin ] --START--
INFO: Run Behavior\ReadHtmlCacheBehavior [ RunTime:0.000588s ]
INFO: [ app_begin ] --END-- [ RunTime:0.000661s ]
INFO: [ app_end ] --START--
INFO: Run Behavior\ShowPageTraceBehavior [ RunTime:0.000615s ]
INFO: [ app_end ] --END-- [ RunTime:0.000683s ]

[ 2014-09-14T21:14:07+08:00 ] 127.0.0.1 /hjrm/Home/User
INFO: [ app_init ] --START--
INFO: Run Behavior\BuildLiteBehavior [ RunTime:0.000050s ]
INFO: [ app_init ] --END-- [ RunTime:0.001112s ]
INFO: [ app_begin ] --START--
INFO: Run Behavior\ReadHtmlCacheBehavior [ RunTime:0.001402s ]
INFO: [ app_begin ] --END-- [ RunTime:0.001556s ]
INFO: [ app_end ] --START--
INFO: Run Behavior\ShowPageTraceBehavior [ RunTime:0.001457s ]
INFO: [ app_end ] --END-- [ RunTime:0.001618s ]

